<?xml version="1.0" encoding="UTF-8"?>
<testng-results skipped="0" failed="0" total="1" passed="1">
  <reporter-output>
  </reporter-output>
  <suite name="Default suite" duration-ms="4997" started-at="2021-07-10T09:31:54Z" finished-at="2021-07-10T09:31:59Z">
    <groups>
    </groups>
    <test name="Default test" duration-ms="4997" started-at="2021-07-10T09:31:54Z" finished-at="2021-07-10T09:31:59Z">
      <class name="MavenJenkinsPOC.MavenJenkinsPOC.Demo">
        <test-method status="PASS" signature="main()[pri:0, instance:MavenJenkinsPOC.MavenJenkinsPOC.Demo@546a03af]" name="main" duration-ms="4981" started-at="2021-07-10T15:01:54Z" finished-at="2021-07-10T15:01:59Z">
          <reporter-output>
          </reporter-output>
        </test-method> <!-- main -->
      </class> <!-- MavenJenkinsPOC.MavenJenkinsPOC.Demo -->
    </test> <!-- Default test -->
  </suite> <!-- Default suite -->
</testng-results>
